<?xml version="1.0" encoding="UTF-8"?>
<!-- Generated by org.testng.reporters.JUnitReportReporter -->
<testsuite skipped="0" hostname="DESKTOP-2IEME8E" name="script.CheckVersion" tests="1" failures="0" timestamp="31 Mar 2018 16:29:49 GMT" time="12.297" errors="0">
  <testcase name="testCheckVersion" time="12.297" classname="script.CheckVersion"/>
</testsuite> <!-- script.CheckVersion -->
