<?xml version="1.0" encoding="UTF-8"?>
<!-- Generated by org.testng.reporters.JUnitReportReporter -->
<testsuite skipped="0" hostname="DESKTOP-2IEME8E" name="script.ValidLogin" tests="1" failures="0" timestamp="31 Mar 2018 16:29:49 GMT" time="15.910" errors="0">
  <testcase name="testValidLogin" time="15.910" classname="script.ValidLogin"/>
</testsuite> <!-- script.ValidLogin -->
