<?xml version="1.0" encoding="UTF-8"?>
<!-- Generated by org.testng.reporters.JUnitReportReporter -->
<testsuite skipped="0" hostname="DESKTOP-2IEME8E" name="script.InvalidLogin" tests="1" failures="0" timestamp="31 Mar 2018 15:09:48 GMT" time="28.284" errors="0">
  <testcase name="testInvalidLogin" time="28.284" classname="script.InvalidLogin"/>
</testsuite> <!-- script.InvalidLogin -->
