<?xml version="1.0" encoding="UTF-8"?>
<!-- Generated by org.testng.reporters.JUnitReportReporter -->
<testsuite skipped="0" hostname="DESKTOP-2IEME8E" name="script.ValidLogin" tests="2" failures="0" timestamp="31 Mar 2018 16:25:28 GMT" time="129.794" errors="0">
  <testcase name="testValidLogin" time="104.357" classname="script.ValidLogin"/>
  <testcase name="testValidLogin" time="25.437" classname="script.ValidLogin"/>
</testsuite> <!-- script.ValidLogin -->
