<?xml version="1.0" encoding="UTF-8"?>
<!-- Generated by org.testng.reporters.JUnitReportReporter -->
<testsuite skipped="0" hostname="DESKTOP-2IEME8E" name="script.InvalidLogin" tests="1" failures="0" timestamp="31 Mar 2018 17:26:37 GMT" time="14.964" errors="0">
  <testcase name="testInvalidLogin" time="14.964" classname="script.InvalidLogin"/>
</testsuite> <!-- script.InvalidLogin -->
