<?xml version="1.0" encoding="UTF-8"?>
<!-- Generated by org.testng.reporters.JUnitReportReporter -->
<testsuite skipped="0" hostname="DESKTOP-2IEME8E" name="script.ValidLogin" tests="1" failures="0" timestamp="31 Mar 2018 14:49:34 GMT" time="37.319" errors="0">
  <testcase name="testValidLogin" time="37.319" classname="script.ValidLogin"/>
</testsuite> <!-- script.ValidLogin -->
