<?xml version="1.0" encoding="UTF-8"?>
<!-- Generated by org.testng.reporters.JUnitReportReporter -->
<testsuite skipped="0" hostname="DESKTOP-2IEME8E" name="script.InvalidLogin" tests="2" failures="0" timestamp="31 Mar 2018 16:25:28 GMT" time="46.688" errors="0">
  <testcase name="testInvalidLogin" time="22.114" classname="script.InvalidLogin"/>
  <testcase name="testInvalidLogin" time="24.574" classname="script.InvalidLogin"/>
</testsuite> <!-- script.InvalidLogin -->
